<?xml version="1.0" encoding="UTF-8"?>
<!-- Generated by org.testng.reporters.JUnitReportReporter -->
<testsuite hostname="Rabiya-Javaid-Malik" failures="0" tests="2" name="Test.GoogleSearch_Test" time="20.002" errors="0" timestamp="2022-08-16T22:48:11 PKT" skipped="0">
  <testcase classname="Test.GoogleSearch_Test" name="GoogleSearch" time="10.674"/>
  <system-out/>
  <testcase classname="Test.GoogleSearch_Test" name="DarkTheme" time="9.328"/>
  <system-out/>
</testsuite> <!-- Test.GoogleSearch_Test -->
